make all --print-data-base --no-builtin-variables --no-builtin-rules --question
# GNU Make 3.81
# Copyright (C) 2006  Free Software Foundation, Inc.
# This is free software; see the source for copying conditions.
# There is NO warranty; not even for MERCHANTABILITY or FITNESS FOR A
# PARTICULAR PURPOSE.

# This program built for i386-apple-darwin11.3.0
 
make: *** No rule to make target `all'.  Stop.


# Make data base, printed on Tue Jun 28 13:11:56 2022

# Variables

# automatic
<D = $(patsubst %/,%,$(dir $<))
# automatic
?F = $(notdir $?)
# environment
ELECTRON_NO_ATTACH_CONSOLE = 1
# environment
LC_CTYPE = UTF-8
# environment
VSCODE_LOG_NATIVE = false
# automatic
?D = $(patsubst %/,%,$(dir $?))
# automatic
@D = $(patsubst %/,%,$(dir $@))
# automatic
@F = $(notdir $@)
# makefile
CURDIR := /Users/manish/workspace/geolocation
# makefile
SHELL = /bin/sh
# environment
VSCODE_NLS_CONFIG = {"locale":"en-gb","availableLanguages":{},"_languagePackSupport":true}
# environment
_ = /usr/bin/make
# makefile (from `Makefile', line 1)
MAKEFILE_LIST :=  Makefile
# environment
VSCODE_AMD_ENTRYPOINT = vs/workbench/api/node/extensionHostProcess
# environment
VSCODE_VERBOSE_LOGGING = true
# environment
__CFBundleIdentifier = com.microsoft.VSCode
# environment
INFOPATH = /opt/homebrew/share/info:
# environment
VSCODE_IPC_HOOK_EXTHOST = /var/folders/x0/d6ks4rv97v57j871vm82bg7w0000gn/T/vscode-ipc-eb57ab11-91f4-434c-b4c9-4e2f7ee73422.sock
# environment
VSCODE_CWD = /Users/manish/workspace/geolocation
# environment
GOPROXY = https://proxy.golang.org,direct
# environment
PATH = /Users/manish/google-cloud-sdk/bin:/Users/manish/go/bin:/opt/homebrew/bin:/opt/homebrew/sbin:/usr/local/bin:/usr/bin:/bin:/usr/sbin:/sbin:/usr/local/go/bin
# environment
LSCOLORS = Gxfxcxdxbxegedabagacad
# environment
GOPATH = /Users/manish/go
# environment
LaunchInstanceID = 6059CD24-4E5D-4169-9177-94DB79343520
# environment
VSCODE_LOG_STACK = false
# environment
ELECTRON_RUN_AS_NODE = 1
# default
.FEATURES := target-specific order-only second-expansion else-if archives jobserver check-symlink
# environment
SSH_AUTH_SOCK = /private/tmp/com.apple.launchd.DV69KYw4jn/Listeners
# automatic
%F = $(notdir $%)
# environment
VSCODE_PIPE_LOGGING = true
# environment
PWD = /Users/manish/workspace/geolocation
# environment
HOMEBREW_CELLAR = /opt/homebrew/Cellar
# environment
ORIGINAL_XDG_CURRENT_DESKTOP = undefined
# environment
MANPATH = /opt/homebrew/share/man::
# environment
GOMODCACHE = /Users/manish/go/pkg/mod
# environment
HOME = /Users/manish
# default
MAKEFILEPATH = $(shell /usr/bin/xcode-select -print-path 2>/dev/null || echo /Developer)/Makefiles
# environment
VSCODE_CLI = 1
# environment
VSCODE_CODE_CACHE_PATH = /Users/manish/Library/Application Support/Code/CachedData/30d9c6cd9483b2cc586687151bcbcd635f373630
# environment
LOGNAME = manish
# environment
APPLICATION_INSIGHTS_NO_DIAGNOSTIC_CHANNEL = 1
# environment
ZSH = /Users/manish/.oh-my-zsh
# environment
VSCODE_HANDLES_UNCAUGHT_ERRORS = true
# automatic
^D = $(patsubst %/,%,$(dir $^))
# environment
XPC_FLAGS = 0x0
# environment
COLORTERM = truecolor
# default
MAKE = $(MAKE_COMMAND)
# environment
LC_TERMINAL = iTerm2
# environment
SHLVL = 3
# default
MAKE_VERSION := 3.81
# environment
USER = manish
# makefile (from `Makefile', line 46)
.DEFAULT_GOAL := help
# default
MAKECMDGOALS := all
# environment
TERM_SESSION_ID = w0t0p0:5EBE965E-D361-4D24-BC0D-F8C162A0A181
# environment
LESS = -R
# automatic
%D = $(patsubst %/,%,$(dir $%))
# default
MAKE_COMMAND := /Library/Developer/CommandLineTools/usr/bin/make
# environment
TERM_PROGRAM = iTerm.app
# default
.VARIABLES := 
# environment
TMPDIR = /var/folders/x0/d6ks4rv97v57j871vm82bg7w0000gn/T/
# automatic
*F = $(notdir $*)
# environment
VSCODE_IPC_HOOK = /Users/manish/Library/Application Support/Code/1.68.1-main.sock
# makefile
MAKEFLAGS = Rrqp
# environment
MFLAGS = -Rrqp
# automatic
*D = $(patsubst %/,%,$(dir $*))
# environment
TERM_PROGRAM_VERSION = 3.4.15
# environment
XPC_SERVICE_NAME = application.com.microsoft.VSCode.11961605.11961611.73FA0101-8E36-4F2C-93E0-234EAE6076D6
# environment
LC_TERMINAL_VERSION = 3.4.15
# environment
HOMEBREW_PREFIX = /opt/homebrew
# automatic
+D = $(patsubst %/,%,$(dir $+))
# automatic
+F = $(notdir $+)
# environment
ITERM_SESSION_ID = w0t0p0:5EBE965E-D361-4D24-BC0D-F8C162A0A181
# environment
HOMEBREW_REPOSITORY = /opt/homebrew
# environment
COLORFGBG = 7;0
# environment
__CF_USER_TEXT_ENCODING = 0x1F5:0x0:0x0
# environment
COMMAND_MODE = unix2003
# default
MAKEFILES := 
# automatic
<F = $(notdir $<)
# environment
ITERM_PROFILE = Default
# environment
PAGER = less
# environment
LC_ALL = C
# environment
SECURITYSESSIONID = 186a5
# automatic
^F = $(notdir $^)
# default
SUFFIXES := 
# default
.INCLUDE_DIRS = /usr/local/include
# environment
MAKELEVEL := 0
# environment
LANG = C
# environment
TERM = xterm-256color
# environment
VSCODE_PID = 33117
# variable set hash-table stats:
# Load=89/1024=9%, Rehash=0, Collisions=5/114=4%

# Pattern-specific Variable Values

# No pattern-specific variable values.

# Directories

# . (device 16777230, inode 8749956): 20 files, no impossibilities.

# 20 files, no impossibilities in 1 directories.

# Implicit Rules

# No implicit rules.

# Files

# Not a target:
all:
#  Command-line target.
#  Implicit rule search has been done.
#  File does not exist.
#  File has not been updated.
# variable set hash-table stats:
# Load=0/32=0%, Rehash=0, Collisions=0/0=0%

.PHONY: help
#  Implicit rule search has not been done.
#  Modification time never checked.
#  File has not been updated.

up:
#  Implicit rule search has not been done.
#  Modification time never checked.
#  File has not been updated.
#  commands to execute (from `Makefile', line 2):
	docker-compose up --build
	

# Not a target:
.SUFFIXES:
#  Implicit rule search has not been done.
#  Modification time never checked.
#  File has not been updated.

push:
#  Implicit rule search has not been done.
#  Modification time never checked.
#  File has not been updated.
#  commands to execute (from `Makefile', line 14):
	docker push bhardwaz007/geolocation:latest
	

# Not a target:
Makefile:
#  Implicit rule search has been done.
 
#  Last modified 2022-04-04 15:31:07
#  File has been updated.
#  Successfully updated.
# variable set hash-table stats:
# Load=0/32=0%, Rehash=0, Collisions=0/0=0%

test:
#  Implicit rule search has not been done.
#  Modification time never checked.
#  File has not been updated.
#  commands to execute (from `Makefile', line 8):
	go test -v ./...
	

create-network:
#  Implicit rule search has not been done.
#  Modification time never checked.
#  File has not been updated.
#  commands to execute (from `Makefile', line 17):
	docker network create geolocation-net
	

create-postgres:
#  Implicit rule search has not been done.
#  Modification time never checked.
#  File has not been updated.
#  commands to execute (from `Makefile', line 20):
	docker run --name postgres -d -p 5432:5432 -e POSTGRES_PASSWORD=postgres --net geolocation-net postgres:alpine
	

build-n-tag:
#  Implicit rule search has not been done.
#  Modification time never checked.
#  File has not been updated.
#  commands to execute (from `Makefile', line 11):
	docker build --tag bhardwaz007/geolocation:latest .
	

help:
#  Phony target (prerequisite of .PHONY).
#  Implicit rule search has not been done.
#  File does not exist.
#  File has not been updated.
#  commands to execute (from `Makefile', line 44):
	@grep -E '^[a-zA-Z_-]+:.*?## .*$$' $(MAKEFILE_LIST) | sort | awk 'BEGIN {FS = ":.*?## "}; {printf "\033[36m%-30s\033[0m %s\n", $$1, $$2}'
	

create-postgres-explorer:
#  Implicit rule search has not been done.
#  Modification time never checked.
#  File has not been updated.
#  commands to execute (from `Makefile', line 23):
	docker run -p 5050:80 -e "PGADMIN_DEFAULT_EMAIL=someone@postgres.com" -e "PGADMIN_DEFAULT_PASSWORD=postgres" -d --net geolocation-net 
	

# Not a target:
.DEFAULT:
#  Implicit rule search has not been done.
#  Modification time never checked.
#  File has not been updated.

ingest:
#  Implicit rule search has not been done.
#  Modification time never checked.
#  File has not been updated.
#  commands to execute (from `Makefile', line 26):
	docker run -it \
	-p 8080:8080 \
	--net geolocation-net \
	-v ${HOME}/geolocation/data_dump.csv:/root/data_dump.csv \
	-v ${HOME}/geolocation/.env:/root/.env \
	bhardwaz007/geolocation:latest ingest
	

serve:
#  Implicit rule search has not been done.
#  Modification time never checked.
#  File has not been updated.
#  commands to execute (from `Makefile', line 34):
	docker run -it \
	-p 8080:8080 \
	--net geolocation-net \
	-v ${HOME}/geolocation/data_dump.csv:/root/data_dump.csv \
	-v ${HOME}/geolocation/.env:/root/.env \
	bhardwaz007/geolocation:latest serve
	

down:
#  Implicit rule search has not been done.
#  Modification time never checked.
#  File has not been updated.
#  commands to execute (from `Makefile', line 5):
	docker-compose down
	

# files hash-table stats:
# Load=16/1024=2%, Rehash=0, Collisions=0/29=0%
# VPATH Search Paths

# No `vpath' search paths.

# No general (`VPATH' variable) search path.

# # of strings in strcache: 1
# # of strcache buffers: 1
# strcache size: total = 4096 / max = 4096 / min = 4096 / avg = 4096
# strcache free: total = 4087 / max = 4087 / min = 4087 / avg = 4087

# Finished Make data base on Tue Jun 28 13:11:56 2022

 
